Listening for transport dt_socket at address: 8000
Nov 8, 2013 4:58:48 PM org.apache.catalina.core.AprLifecycleListener init
INFO: The APR based Apache Tomcat Native library which allows optimal performance in production environments was not found on the java.library.path: /usr/local/apr/lib/:/opt/repository/djatoka/lib
Nov 8, 2013 4:58:48 PM org.apache.coyote.AbstractProtocol init
INFO: Initializing ProtocolHandler ["ajp-bio-8009"]
Nov 8, 2013 4:58:49 PM org.apache.catalina.startup.Catalina load
INFO: Initialization processed in 888 ms
Nov 8, 2013 4:58:49 PM org.apache.catalina.mbeans.JmxRemoteLifecycleListener createServer
INFO: The JMX Remote Listener has configured the registry on port 10001 and the server on port 10002 for the Platform server
Nov 8, 2013 4:58:49 PM org.apache.catalina.core.StandardService startInternal
INFO: Starting service Catalina
Nov 8, 2013 4:58:49 PM org.apache.catalina.core.StandardEngine startInternal
INFO: Starting Servlet Engine: Apache Tomcat/7.0.22
WARNING WARNING edu.unc.lib.dl.acl.filter.SpoofShibbolethHeadersValve is configured for localhost
Nov 8, 2013 4:58:49 PM org.apache.catalina.startup.HostConfig deployDescriptor
INFO: Deploying configuration descriptor manager.xml from /opt/repository-installs/repository.1383947864/tomcat/conf/Catalina/localhost
Nov 8, 2013 4:58:49 PM org.apache.catalina.startup.HostConfig deployDescriptor
INFO: Deploying configuration descriptor fedora.xml from /opt/repository-installs/repository.1383947864/tomcat/conf/Catalina/localhost
SLF4J: Class path contains multiple SLF4J bindings.
SLF4J: Found binding in [jar:file:/opt/repository-installs/repository.1383947864/tomcat/lib/slf4j-jdk14-1.6.6.jar!/org/slf4j/impl/StaticLoggerBinder.class]
SLF4J: Found binding in [jar:file:/opt/repository-installs/repository.1383947864/tomcat/webapps/fedora/WEB-INF/lib/logback-classic-1.0.6.jar!/org/slf4j/impl/StaticLoggerBinder.class]
SLF4J: See http://www.slf4j.org/codes.html#multiple_bindings for an explanation.
SLF4J: Actual binding is of type [ch.qos.logback.classic.selector.DefaultContextSelector]
Nov 8, 2013 4:58:51 PM org.apache.catalina.core.ApplicationContext log
INFO: Initializing Spring root WebApplicationContext
Nov 8, 2013 4:59:13 PM org.apache.catalina.startup.HostConfig deployDescriptor
INFO: Deploying configuration descriptor solr.xml from /opt/repository-installs/repository.1383947864/tomcat/conf/Catalina/localhost
Nov 8, 2013 4:59:14 PM org.apache.catalina.startup.SetContextPropertiesRule begin
WARNING: [SetContextPropertiesRule]{Context} Setting property 'debug' to '0' did not find a matching property.
Nov 8, 2013 4:59:15 PM org.apache.solr.core.SolrResourceLoader addToClassLoader
WARNING: Can't find (or read) directory to add to classloader: ../../lib/ (resolved as: /opt/repository/solr/access/../../lib).
Nov 8, 2013 4:59:15 PM org.apache.solr.core.SolrResourceLoader addToClassLoader
WARNING: Can't find (or read) directory to add to classloader: ../../lib/velocity (resolved as: /opt/repository/solr/access/../../lib/velocity).
Nov 8, 2013 4:59:16 PM org.apache.solr.core.SolrCore initIndex
WARNING: [access-master] Solr index directory '/opt/data/solr/master/index' doesn't exist. Creating new index...
Nov 8, 2013 4:59:16 PM org.apache.catalina.startup.HostConfig deployWAR
INFO: Deploying web application archive admin.war
Nov 8, 2013 4:59:19 PM org.apache.catalina.core.ApplicationContext log
INFO: Initializing Spring root WebApplicationContext
SLF4J: Class path contains multiple SLF4J bindings.
SLF4J: Found binding in [jar:file:/opt/repository-installs/repository.1383947864/tomcat/lib/slf4j-jdk14-1.6.6.jar!/org/slf4j/impl/StaticLoggerBinder.class]
SLF4J: Found binding in [jar:file:/opt/repository-installs/repository.1383947864/tomcat/webapps/admin/WEB-INF/lib/slf4j-log4j12-1.6.1.jar!/org/slf4j/impl/StaticLoggerBinder.class]
SLF4J: See http://www.slf4j.org/codes.html#multiple_bindings for an explanation.
Nov 8, 2013 4:59:26 PM org.apache.catalina.startup.HostConfig deployWAR
INFO: Deploying web application archive ROOT.war
Nov 8, 2013 4:59:29 PM org.apache.catalina.core.ApplicationContext log
INFO: Initializing Spring root WebApplicationContext
SLF4J: Class path contains multiple SLF4J bindings.
SLF4J: Found binding in [jar:file:/opt/repository-installs/repository.1383947864/tomcat/lib/slf4j-jdk14-1.6.6.jar!/org/slf4j/impl/StaticLoggerBinder.class]
SLF4J: Found binding in [jar:file:/opt/repository-installs/repository.1383947864/tomcat/webapps/ROOT/WEB-INF/lib/slf4j-log4j12-1.6.1.jar!/org/slf4j/impl/StaticLoggerBinder.class]
SLF4J: See http://www.slf4j.org/codes.html#multiple_bindings for an explanation.
Nov 8, 2013 4:59:33 PM org.apache.catalina.startup.HostConfig deployWAR
INFO: Deploying web application archive services.war
Nov 8, 2013 4:59:36 PM org.apache.catalina.core.ApplicationContext log
INFO: Initializing Spring root WebApplicationContext
SLF4J: Class path contains multiple SLF4J bindings.
SLF4J: Found binding in [jar:file:/opt/repository-installs/repository.1383947864/tomcat/lib/slf4j-jdk14-1.6.6.jar!/org/slf4j/impl/StaticLoggerBinder.class]
SLF4J: Found binding in [jar:file:/opt/repository-installs/repository.1383947864/tomcat/webapps/services/WEB-INF/lib/slf4j-log4j12-1.6.1.jar!/org/slf4j/impl/StaticLoggerBinder.class]
SLF4J: See http://www.slf4j.org/codes.html#multiple_bindings for an explanation.
Nov 8, 2013 4:59:45 PM org.apache.catalina.startup.HostConfig deployWAR
INFO: Deploying web application archive djatoka.war
Nov 8, 2013 4:59:45 PM org.apache.catalina.startup.HostConfig deployDirectory
INFO: Deploying web application directory host-manager
Nov 8, 2013 4:59:45 PM org.apache.catalina.startup.HostConfig deployDirectory
INFO: Deploying web application directory spoof
Nov 8, 2013 4:59:45 PM org.apache.catalina.startup.HostConfig deployDirectory
INFO: Deploying web application directory oaiprovider
Nov 8, 2013 4:59:45 PM org.apache.coyote.AbstractProtocol start
INFO: Starting ProtocolHandler ["ajp-bio-8009"]
Nov 8, 2013 4:59:45 PM org.apache.catalina.startup.Catalina start
INFO: Server startup in 56832 ms
Nov 8, 2013 4:59:52 PM org.apache.catalina.core.ApplicationContext log
INFO: Initializing Spring FrameworkServlet 'uiapp'
Nov 8, 2013 4:59:55 PM org.apache.jasper.compiler.TldLocationsCache tldScanJar
INFO: At least one JAR was scanned for TLDs yet contained no TLDs. Enable debug logging for this logger for a complete list of JARs that were scanned but no TLDs were found in them. Skipping unneeded JARs during scanning can improve startup time and JSP compilation time.
Nov 8, 2013 4:59:58 PM org.apache.catalina.core.ApplicationContext log
INFO: Initializing Spring FrameworkServlet 'uiapp'
Nov 8, 2013 4:59:59 PM org.apache.catalina.core.ApplicationContext log
INFO: Initializing Spring FrameworkServlet 'rest'
Nov 8, 2013 5:00:03 PM org.apache.catalina.core.ApplicationContext log
INFO: Initializing Spring FrameworkServlet 'addons'
Nov 8, 2013 5:00:48 PM org.apache.catalina.mbeans.JmxRemoteLifecycleListener destroyServer
SEVERE: The JMX connector server could not be stopped for the Platform server
java.io.IOException: Cannot bind to URL: javax.naming.CommunicationException [Root exception is java.rmi.ConnectIOException: Exception creating connection to: localhost; nested exception is: 
	java.net.NoRouteToHostException: Network is unreachable]
	at javax.management.remote.rmi.RMIConnectorServer.newIOException(RMIConnectorServer.java:818)
	at javax.management.remote.rmi.RMIConnectorServer.stop(RMIConnectorServer.java:569)
	at org.apache.catalina.mbeans.JmxRemoteLifecycleListener.destroyServer(JmxRemoteLifecycleListener.java:282)
	at org.apache.catalina.mbeans.JmxRemoteLifecycleListener.lifecycleEvent(JmxRemoteLifecycleListener.java:226)
	at org.apache.catalina.util.LifecycleSupport.fireLifecycleEvent(LifecycleSupport.java:119)
	at org.apache.catalina.util.LifecycleBase.fireLifecycleEvent(LifecycleBase.java:90)
	at org.apache.catalina.util.LifecycleBase.setStateInternal(LifecycleBase.java:389)
	at org.apache.catalina.util.LifecycleBase.setState(LifecycleBase.java:334)
	at org.apache.catalina.core.StandardServer.stopInternal(StandardServer.java:743)
	at org.apache.catalina.util.LifecycleBase.stop(LifecycleBase.java:230)
	at org.apache.catalina.startup.Catalina.stop(Catalina.java:694)
	at org.apache.catalina.startup.Catalina$CatalinaShutdownHook.run(Catalina.java:847)
Caused by: javax.naming.CommunicationException [Root exception is java.rmi.ConnectIOException: Exception creating connection to: localhost; nested exception is: 
	java.net.NoRouteToHostException: Network is unreachable]
	at com.sun.jndi.rmi.registry.RegistryContext.unbind(RegistryContext.java:177)
	at com.sun.jndi.toolkit.url.GenericURLContext.unbind(GenericURLContext.java:272)
	at javax.naming.InitialContext.unbind(InitialContext.java:433)
	at javax.management.remote.rmi.RMIConnectorServer.stop(RMIConnectorServer.java:561)
	... 10 more
Caused by: java.rmi.ConnectIOException: Exception creating connection to: localhost; nested exception is: 
	java.net.NoRouteToHostException: Network is unreachable
	at sun.rmi.transport.tcp.TCPEndpoint.newSocket(TCPEndpoint.java:632)
	at sun.rmi.transport.tcp.TCPChannel.createConnection(TCPChannel.java:216)
	at sun.rmi.transport.tcp.TCPChannel.newConnection(TCPChannel.java:202)
	at sun.rmi.server.UnicastRef.newCall(UnicastRef.java:340)
	at sun.rmi.registry.RegistryImpl_Stub.unbind(Unknown Source)
	at com.sun.jndi.rmi.registry.RegistryContext.unbind(RegistryContext.java:173)
	... 13 more
Caused by: java.net.NoRouteToHostException: Network is unreachable
	at java.net.PlainSocketImpl.socketConnect(Native Method)
	at java.net.AbstractPlainSocketImpl.doConnect(AbstractPlainSocketImpl.java:327)
	at java.net.AbstractPlainSocketImpl.connectToAddress(AbstractPlainSocketImpl.java:193)
	at java.net.AbstractPlainSocketImpl.connect(AbstractPlainSocketImpl.java:180)
	at java.net.SocksSocketImpl.connect(SocksSocketImpl.java:385)
	at java.net.Socket.connect(Socket.java:546)
	at java.net.Socket.connect(Socket.java:495)
	at java.net.Socket.<init>(Socket.java:392)
	at java.net.Socket.<init>(Socket.java:206)
	at sun.rmi.transport.proxy.RMIDirectSocketFactory.createSocket(RMIDirectSocketFactory.java:40)
	at sun.rmi.transport.proxy.RMIMasterSocketFactory.createSocket(RMIMasterSocketFactory.java:146)
	at sun.rmi.transport.tcp.TCPEndpoint.newSocket(TCPEndpoint.java:613)
	... 18 more
Nov 8, 2013 5:00:48 PM org.apache.coyote.AbstractProtocol pause
INFO: Pausing ProtocolHandler ["ajp-bio-8009"]
Nov 8, 2013 5:00:49 PM org.apache.catalina.core.StandardService stopInternal
INFO: Stopping service Catalina
Nov 8, 2013 5:00:49 PM org.apache.catalina.core.ApplicationContext log
INFO: Destroying Spring FrameworkServlet 'uiapp'
Nov 8, 2013 5:00:49 PM org.apache.catalina.core.ApplicationContext log
INFO: Closing Spring root WebApplicationContext
Nov 8, 2013 5:00:49 PM org.apache.catalina.core.ApplicationContext log
INFO: Destroying Spring FrameworkServlet 'addons'
Warning: attempt to close TriplestoreSession failed, continuing...
Warning: attempt to close TriplestoreSession failed, continuing...
Warning: attempt to close TriplestoreSession failed, continuing...
Nov 8, 2013 5:00:49 PM org.apache.catalina.core.ApplicationContext log
INFO: Closing Spring root WebApplicationContext
Nov 8, 2013 5:00:49 PM org.apache.catalina.loader.WebappClassLoader clearReferencesThreads
SEVERE: The web application [/fedora] appears to have started a thread named [Thread-4] but has failed to stop it. This is very likely to create a memory leak.
Nov 8, 2013 5:00:49 PM org.apache.catalina.loader.WebappClassLoader clearReferencesThreads
SEVERE: The web application [/fedora] appears to have started a thread named [Thread-5] but has failed to stop it. This is very likely to create a memory leak.
Nov 8, 2013 5:00:49 PM org.apache.catalina.loader.WebappClassLoader clearReferencesThreads
SEVERE: The web application [/fedora] appears to have started a thread named [pool-2-thread-1] but has failed to stop it. This is very likely to create a memory leak.
Nov 8, 2013 5:00:49 PM org.apache.catalina.loader.WebappClassLoader clearReferencesThreads
SEVERE: The web application [/fedora] appears to have started a thread named [ActiveMQ Broker[localhost] Scheduler] but has failed to stop it. This is very likely to create a memory leak.
Nov 8, 2013 5:00:49 PM org.apache.catalina.loader.WebappClassLoader clearReferencesThreads
SEVERE: The web application [/fedora] appears to have started a thread named [ActiveMQ Data File Writer] but has failed to stop it. This is very likely to create a memory leak.
Nov 8, 2013 5:00:49 PM org.apache.catalina.loader.WebappClassLoader clearReferencesThreads
SEVERE: The web application [/fedora] appears to have started a thread named [AsyncDataManager Scheduler] but has failed to stop it. This is very likely to create a memory leak.
Nov 8, 2013 5:00:49 PM org.apache.catalina.loader.WebappClassLoader clearReferencesThreads
SEVERE: The web application [/fedora] appears to have started a thread named [BrokerService[localhost] Task-2] but has failed to stop it. This is very likely to create a memory leak.
Nov 8, 2013 5:00:49 PM org.apache.catalina.loader.WebappClassLoader clearReferencesThreads
SEVERE: The web application [/fedora] appears to have started a thread named [Timer-0] but has failed to stop it. This is very likely to create a memory leak.
Nov 8, 2013 5:00:49 PM org.apache.catalina.loader.WebappClassLoader clearReferencesThreads
SEVERE: The web application [/fedora] appears to have started a thread named [ActiveMQ Transport: tcp://vagrant-centos58/127.0.0.1:61617] but has failed to stop it. This is very likely to create a memory leak.
Nov 8, 2013 5:00:49 PM org.apache.catalina.loader.WebappClassLoader clearReferencesThreads
SEVERE: The web application [/fedora] appears to have started a thread named [InactivityMonitor ReadCheck] but has failed to stop it. This is very likely to create a memory leak.
Nov 8, 2013 5:00:49 PM org.apache.catalina.loader.WebappClassLoader clearReferencesThreads
SEVERE: The web application [/fedora] appears to have started a thread named [InactivityMonitor WriteCheck] but has failed to stop it. This is very likely to create a memory leak.
Nov 8, 2013 5:00:49 PM org.apache.catalina.loader.WebappClassLoader clearReferencesThreads
SEVERE: The web application [/fedora] appears to have started a thread named [InactivityMonitor Async Task: java.util.concurrent.ThreadPoolExecutor$Worker@67f3a9b7[State = -1, empty queue]] but has failed to stop it. This is very likely to create a memory leak.
Nov 8, 2013 5:00:49 PM org.apache.catalina.loader.WebappClassLoader clearReferencesThreads
SEVERE: The web application [/fedora] appears to have started a thread named [ActiveMQ Task-7] but has failed to stop it. This is very likely to create a memory leak.
Nov 8, 2013 5:00:49 PM org.apache.catalina.loader.WebappClassLoader clearReferencesThreads
SEVERE: The web application [/fedora] appears to have started a thread named [ActiveMQ Task-8] but has failed to stop it. This is very likely to create a memory leak.
Nov 8, 2013 5:00:49 PM org.apache.catalina.loader.WebappClassLoader clearReferencesThreads
SEVERE: The web application [/fedora] appears to have started a thread named [ActiveMQ Task-9] but has failed to stop it. This is very likely to create a memory leak.
Nov 8, 2013 5:00:49 PM org.apache.catalina.loader.WebappClassLoader checkThreadLocalMapForLeaks
SEVERE: The web application [/fedora] created a ThreadLocal with key of type [java.lang.ThreadLocal] (value [java.lang.ThreadLocal@c1e3b8b]) and a value of type [com.sun.xml.messaging.saaj.util.transform.EfficientStreamingTransformer] (value [com.sun.xml.messaging.saaj.util.transform.EfficientStreamingTransformer@14d728e4]) but failed to remove it when the web application was stopped. Threads are going to be renewed over time to try and avoid a probable memory leak. 
Nov 8, 2013 5:00:49 PM org.apache.catalina.loader.WebappClassLoader checkThreadLocalMapForLeaks
SEVERE: The web application [/fedora] created a ThreadLocal with key of type [com.sun.xml.bind.v2.runtime.Coordinator$1] (value [com.sun.xml.bind.v2.runtime.Coordinator$1@4f26ed11]) and a value of type [com.sun.xml.bind.v2.runtime.Coordinator[]] (value [[Lcom.sun.xml.bind.v2.runtime.Coordinator;@4961fb0]) but failed to remove it when the web application was stopped. Threads are going to be renewed over time to try and avoid a probable memory leak. 
Nov 8, 2013 5:00:49 PM org.apache.catalina.loader.WebappClassLoader checkThreadLocalMapForLeaks
SEVERE: The web application [/fedora] created a ThreadLocal with key of type [com.sun.xml.bind.v2.ClassFactory$1] (value [com.sun.xml.bind.v2.ClassFactory$1@1bfa5e2a]) and a value of type [java.util.WeakHashMap] (value [{class org.fcrepo.server.types.gen.GetObjectXML=public org.fcrepo.server.types.gen.GetObjectXML()}]) but failed to remove it when the web application was stopped. Threads are going to be renewed over time to try and avoid a probable memory leak. 
Nov 8, 2013 5:00:49 PM org.apache.catalina.loader.WebappClassLoader checkThreadLocalMapForLeaks
SEVERE: The web application [/fedora] created a ThreadLocal with key of type [com.sun.xml.bind.v2.runtime.Coordinator$1] (value [com.sun.xml.bind.v2.runtime.Coordinator$1@4f26ed11]) and a value of type [com.sun.xml.bind.v2.runtime.Coordinator[]] (value [[Lcom.sun.xml.bind.v2.runtime.Coordinator;@523c25bf]) but failed to remove it when the web application was stopped. Threads are going to be renewed over time to try and avoid a probable memory leak. 
Nov 8, 2013 5:00:49 PM org.apache.catalina.loader.WebappClassLoader checkThreadLocalMapForLeaks
SEVERE: The web application [/fedora] created a ThreadLocal with key of type [com.sun.xml.bind.v2.ClassFactory$1] (value [com.sun.xml.bind.v2.ClassFactory$1@1bfa5e2a]) and a value of type [java.util.WeakHashMap] (value [{class org.fcrepo.server.types.gen.GetObjectXML=public org.fcrepo.server.types.gen.GetObjectXML()}]) but failed to remove it when the web application was stopped. Threads are going to be renewed over time to try and avoid a probable memory leak. 
Nov 8, 2013 5:00:49 PM org.apache.catalina.core.ApplicationContext log
INFO: Destroying Spring FrameworkServlet 'rest'
Nov 8, 2013 5:00:49 PM org.apache.catalina.core.ApplicationContext log
INFO: Closing Spring root WebApplicationContext
2013-11-08 17:00:49,881 WARN  [stop children - Catalina:j2eeType=WebModule,name=//localhost/services,J2EEApplication=none,J2EEServer=none] edu.unc.lib.dl.cdr.services.BatchIngestService - Batch Ingest Service is shutting down now, no further batches will be processed.
Listening for transport dt_socket at address: 8000
Nov 8, 2013 5:04:06 PM org.apache.catalina.core.AprLifecycleListener init
INFO: The APR based Apache Tomcat Native library which allows optimal performance in production environments was not found on the java.library.path: /usr/local/apr/lib/:/opt/repository/djatoka/lib
Nov 8, 2013 5:04:06 PM org.apache.coyote.AbstractProtocol init
INFO: Initializing ProtocolHandler ["ajp-bio-8009"]
Nov 8, 2013 5:04:06 PM org.apache.catalina.startup.Catalina load
INFO: Initialization processed in 982 ms
Nov 8, 2013 5:04:06 PM org.apache.catalina.mbeans.JmxRemoteLifecycleListener createServer
INFO: The JMX Remote Listener has configured the registry on port 10001 and the server on port 10002 for the Platform server
Nov 8, 2013 5:04:06 PM org.apache.catalina.core.StandardService startInternal
INFO: Starting service Catalina
Nov 8, 2013 5:04:06 PM org.apache.catalina.core.StandardEngine startInternal
INFO: Starting Servlet Engine: Apache Tomcat/7.0.22
WARNING WARNING edu.unc.lib.dl.acl.filter.SpoofShibbolethHeadersValve is configured for localhost
Nov 8, 2013 5:04:06 PM org.apache.catalina.startup.HostConfig deployDescriptor
INFO: Deploying configuration descriptor manager.xml from /opt/repository-installs/repository.1383947864/tomcat/conf/Catalina/localhost
Nov 8, 2013 5:04:07 PM org.apache.catalina.startup.HostConfig deployDescriptor
INFO: Deploying configuration descriptor fedora.xml from /opt/repository-installs/repository.1383947864/tomcat/conf/Catalina/localhost
SLF4J: Class path contains multiple SLF4J bindings.
SLF4J: Found binding in [jar:file:/opt/repository-installs/repository.1383947864/tomcat/lib/slf4j-jdk14-1.6.6.jar!/org/slf4j/impl/StaticLoggerBinder.class]
SLF4J: Found binding in [jar:file:/opt/repository-installs/repository.1383947864/tomcat/webapps/fedora/WEB-INF/lib/logback-classic-1.0.6.jar!/org/slf4j/impl/StaticLoggerBinder.class]
SLF4J: See http://www.slf4j.org/codes.html#multiple_bindings for an explanation.
SLF4J: Actual binding is of type [ch.qos.logback.classic.selector.DefaultContextSelector]
Nov 8, 2013 5:04:08 PM org.apache.catalina.core.ApplicationContext log
INFO: Initializing Spring root WebApplicationContext
Nov 8, 2013 5:04:25 PM org.apache.catalina.startup.HostConfig deployDescriptor
INFO: Deploying configuration descriptor solr.xml from /opt/repository-installs/repository.1383947864/tomcat/conf/Catalina/localhost
Nov 8, 2013 5:04:25 PM org.apache.catalina.startup.SetContextPropertiesRule begin
WARNING: [SetContextPropertiesRule]{Context} Setting property 'debug' to '0' did not find a matching property.
Nov 8, 2013 5:04:27 PM org.apache.solr.core.SolrResourceLoader addToClassLoader
WARNING: Can't find (or read) directory to add to classloader: ../../lib/ (resolved as: /opt/repository/solr/access/../../lib).
Nov 8, 2013 5:04:27 PM org.apache.solr.core.SolrResourceLoader addToClassLoader
WARNING: Can't find (or read) directory to add to classloader: ../../lib/velocity (resolved as: /opt/repository/solr/access/../../lib/velocity).
Nov 8, 2013 5:04:28 PM org.apache.catalina.startup.HostConfig deployWAR
INFO: Deploying web application archive admin.war
Nov 8, 2013 5:04:30 PM org.apache.catalina.core.ApplicationContext log
INFO: Initializing Spring root WebApplicationContext
SLF4J: Class path contains multiple SLF4J bindings.
SLF4J: Found binding in [jar:file:/opt/repository-installs/repository.1383947864/tomcat/lib/slf4j-jdk14-1.6.6.jar!/org/slf4j/impl/StaticLoggerBinder.class]
SLF4J: Found binding in [jar:file:/opt/repository-installs/repository.1383947864/tomcat/webapps/admin/WEB-INF/lib/slf4j-log4j12-1.6.1.jar!/org/slf4j/impl/StaticLoggerBinder.class]
SLF4J: See http://www.slf4j.org/codes.html#multiple_bindings for an explanation.
Nov 8, 2013 5:04:36 PM org.apache.catalina.startup.HostConfig deployWAR
INFO: Deploying web application archive ROOT.war
Nov 8, 2013 5:04:38 PM org.apache.catalina.core.ApplicationContext log
INFO: Initializing Spring root WebApplicationContext
SLF4J: Class path contains multiple SLF4J bindings.
SLF4J: Found binding in [jar:file:/opt/repository-installs/repository.1383947864/tomcat/lib/slf4j-jdk14-1.6.6.jar!/org/slf4j/impl/StaticLoggerBinder.class]
SLF4J: Found binding in [jar:file:/opt/repository-installs/repository.1383947864/tomcat/webapps/ROOT/WEB-INF/lib/slf4j-log4j12-1.6.1.jar!/org/slf4j/impl/StaticLoggerBinder.class]
SLF4J: See http://www.slf4j.org/codes.html#multiple_bindings for an explanation.
Nov 8, 2013 5:04:43 PM org.apache.catalina.startup.HostConfig deployWAR
INFO: Deploying web application archive services.war
Nov 8, 2013 5:04:45 PM org.apache.catalina.core.ApplicationContext log
INFO: Initializing Spring root WebApplicationContext
SLF4J: Class path contains multiple SLF4J bindings.
SLF4J: Found binding in [jar:file:/opt/repository-installs/repository.1383947864/tomcat/lib/slf4j-jdk14-1.6.6.jar!/org/slf4j/impl/StaticLoggerBinder.class]
SLF4J: Found binding in [jar:file:/opt/repository-installs/repository.1383947864/tomcat/webapps/services/WEB-INF/lib/slf4j-log4j12-1.6.1.jar!/org/slf4j/impl/StaticLoggerBinder.class]
SLF4J: See http://www.slf4j.org/codes.html#multiple_bindings for an explanation.
Nov 8, 2013 5:04:53 PM org.apache.catalina.startup.HostConfig deployWAR
INFO: Deploying web application archive djatoka.war
Nov 8, 2013 5:04:53 PM org.apache.catalina.startup.HostConfig deployDirectory
INFO: Deploying web application directory host-manager
Nov 8, 2013 5:04:53 PM org.apache.catalina.startup.HostConfig deployDirectory
INFO: Deploying web application directory spoof
Nov 8, 2013 5:04:53 PM org.apache.catalina.startup.HostConfig deployDirectory
INFO: Deploying web application directory oaiprovider
Nov 8, 2013 5:04:53 PM org.apache.coyote.AbstractProtocol start
INFO: Starting ProtocolHandler ["ajp-bio-8009"]
Nov 8, 2013 5:04:53 PM org.apache.catalina.startup.Catalina start
INFO: Server startup in 47417 ms
Nov 8, 2013 5:05:05 PM org.apache.catalina.core.ApplicationContext log
INFO: Initializing Spring FrameworkServlet 'uiapp'
Nov 8, 2013 5:05:18 PM org.apache.catalina.core.ApplicationContext log
INFO: Initializing Spring FrameworkServlet 'uiapp'
Nov 8, 2013 5:05:20 PM org.apache.jasper.compiler.TldLocationsCache tldScanJar
INFO: At least one JAR was scanned for TLDs yet contained no TLDs. Enable debug logging for this logger for a complete list of JARs that were scanned but no TLDs were found in them. Skipping unneeded JARs during scanning can improve startup time and JSP compilation time.
Nov 8, 2013 5:06:19 PM org.apache.catalina.core.ApplicationContext log
INFO: Initializing Spring FrameworkServlet 'sword'
Nov 8, 2013 5:06:42 PM org.apache.catalina.core.ApplicationContext log
INFO: Initializing Spring FrameworkServlet 'rest'
2013-11-08 17:06:50,137 WARN  [CustomizableThreadFactory-1] edu.unc.lib.dl.data.ingest.solr.SolrUpdateRunnable - Could not perform action ADD on object uuid:5a5db438-29ab-4dc5-9334-5eb23bc7b56b because it is orphaned.
2013-11-08 17:08:10,088 WARN  [CustomizableThreadFactory-2] edu.unc.lib.dl.data.ingest.solr.SolrUpdateRunnable - Could not perform action ADD on object uuid:d8da1fad-730c-48e2-b991-4b383b7fb741 because it is orphaned.
2013-11-08 17:08:10,287 WARN  [CustomizableThreadFactory-1] edu.unc.lib.dl.data.ingest.solr.SolrUpdateRunnable - Could not perform action ADD on object uuid:3d38aff7-75bc-42bc-9756-d8123aaa66f6 because it is orphaned.
2013-11-08 17:08:15,435 WARN  [CustomizableThreadFactory-2] edu.unc.lib.dl.data.ingest.solr.SolrUpdateRunnable - Could not perform action ADD on object uuid:ab46163f-c552-4237-abf6-4bbaf8f6ccea because it is orphaned.
Nov 8, 2013 5:08:24 PM org.apache.catalina.core.ApplicationContext log
INFO: Initializing Spring FrameworkServlet 'addons'
Nov 11, 2013 8:30:38 AM org.apache.catalina.mbeans.JmxRemoteLifecycleListener destroyServer
SEVERE: The JMX connector server could not be stopped for the Platform server
java.io.IOException: Cannot bind to URL: javax.naming.CommunicationException [Root exception is java.rmi.ConnectIOException: Exception creating connection to: localhost; nested exception is: 
	java.net.NoRouteToHostException: Network is unreachable]
	at javax.management.remote.rmi.RMIConnectorServer.newIOException(RMIConnectorServer.java:818)
	at javax.management.remote.rmi.RMIConnectorServer.stop(RMIConnectorServer.java:569)
	at org.apache.catalina.mbeans.JmxRemoteLifecycleListener.destroyServer(JmxRemoteLifecycleListener.java:282)
	at org.apache.catalina.mbeans.JmxRemoteLifecycleListener.lifecycleEvent(JmxRemoteLifecycleListener.java:226)
	at org.apache.catalina.util.LifecycleSupport.fireLifecycleEvent(LifecycleSupport.java:119)
	at org.apache.catalina.util.LifecycleBase.fireLifecycleEvent(LifecycleBase.java:90)
	at org.apache.catalina.util.LifecycleBase.setStateInternal(LifecycleBase.java:389)
	at org.apache.catalina.util.LifecycleBase.setState(LifecycleBase.java:334)
	at org.apache.catalina.core.StandardServer.stopInternal(StandardServer.java:743)
	at org.apache.catalina.util.LifecycleBase.stop(LifecycleBase.java:230)
	at org.apache.catalina.startup.Catalina.stop(Catalina.java:694)
	at org.apache.catalina.startup.Catalina$CatalinaShutdownHook.run(Catalina.java:847)
Caused by: javax.naming.CommunicationException [Root exception is java.rmi.ConnectIOException: Exception creating connection to: localhost; nested exception is: 
	java.net.NoRouteToHostException: Network is unreachable]
	at com.sun.jndi.rmi.registry.RegistryContext.unbind(RegistryContext.java:177)
	at com.sun.jndi.toolkit.url.GenericURLContext.unbind(GenericURLContext.java:272)
	at javax.naming.InitialContext.unbind(InitialContext.java:433)
	at javax.management.remote.rmi.RMIConnectorServer.stop(RMIConnectorServer.java:561)
	... 10 more
Caused by: java.rmi.ConnectIOException: Exception creating connection to: localhost; nested exception is: 
	java.net.NoRouteToHostException: Network is unreachable
	at sun.rmi.transport.tcp.TCPEndpoint.newSocket(TCPEndpoint.java:632)
	at sun.rmi.transport.tcp.TCPChannel.createConnection(TCPChannel.java:216)
	at sun.rmi.transport.tcp.TCPChannel.newConnection(TCPChannel.java:202)
	at sun.rmi.server.UnicastRef.newCall(UnicastRef.java:340)
	at sun.rmi.registry.RegistryImpl_Stub.unbind(Unknown Source)
	at com.sun.jndi.rmi.registry.RegistryContext.unbind(RegistryContext.java:173)
	... 13 more
Caused by: java.net.NoRouteToHostException: Network is unreachable
	at java.net.PlainSocketImpl.socketConnect(Native Method)
	at java.net.AbstractPlainSocketImpl.doConnect(AbstractPlainSocketImpl.java:327)
	at java.net.AbstractPlainSocketImpl.connectToAddress(AbstractPlainSocketImpl.java:193)
	at java.net.AbstractPlainSocketImpl.connect(AbstractPlainSocketImpl.java:180)
	at java.net.SocksSocketImpl.connect(SocksSocketImpl.java:385)
	at java.net.Socket.connect(Socket.java:546)
	at java.net.Socket.connect(Socket.java:495)
	at java.net.Socket.<init>(Socket.java:392)
	at java.net.Socket.<init>(Socket.java:206)
	at sun.rmi.transport.proxy.RMIDirectSocketFactory.createSocket(RMIDirectSocketFactory.java:40)
	at sun.rmi.transport.proxy.RMIMasterSocketFactory.createSocket(RMIMasterSocketFactory.java:146)
	at sun.rmi.transport.tcp.TCPEndpoint.newSocket(TCPEndpoint.java:613)
	... 18 more
Nov 11, 2013 8:30:38 AM org.apache.coyote.AbstractProtocol pause
INFO: Pausing ProtocolHandler ["ajp-bio-8009"]
Nov 11, 2013 8:30:39 AM org.apache.catalina.core.StandardService stopInternal
INFO: Stopping service Catalina
Nov 11, 2013 8:30:39 AM org.apache.catalina.core.ApplicationContext log
INFO: Destroying Spring FrameworkServlet 'uiapp'
Nov 11, 2013 8:30:39 AM org.apache.catalina.core.ApplicationContext log
INFO: Closing Spring root WebApplicationContext
Nov 11, 2013 8:30:39 AM org.apache.catalina.loader.WebappClassLoader clearReferencesThreads
SEVERE: The web application [] appears to have started a thread named [MultiThreadedHttpConnectionManager cleanup] but has failed to stop it. This is very likely to create a memory leak.
Nov 11, 2013 8:30:39 AM org.apache.catalina.core.ApplicationContext log
INFO: Destroying Spring FrameworkServlet 'addons'
Warning: attempt to close TriplestoreSession failed, continuing...
Warning: attempt to close TriplestoreSession failed, continuing...
Warning: attempt to close TriplestoreSession failed, continuing...
Warning: attempt to close TriplestoreSession failed, continuing...
Nov 11, 2013 8:30:39 AM org.apache.catalina.core.ApplicationContext log
INFO: Closing Spring root WebApplicationContext
Nov 11, 2013 8:30:39 AM org.apache.catalina.loader.WebappClassLoader clearReferencesThreads
SEVERE: The web application [/fedora] appears to have started a thread named [Thread-4] but has failed to stop it. This is very likely to create a memory leak.
Nov 11, 2013 8:30:39 AM org.apache.catalina.loader.WebappClassLoader clearReferencesThreads
SEVERE: The web application [/fedora] appears to have started a thread named [Thread-5] but has failed to stop it. This is very likely to create a memory leak.
Nov 11, 2013 8:30:39 AM org.apache.catalina.loader.WebappClassLoader clearReferencesThreads
SEVERE: The web application [/fedora] appears to have started a thread named [ActiveMQ Broker[localhost] Scheduler] but has failed to stop it. This is very likely to create a memory leak.
Nov 11, 2013 8:30:39 AM org.apache.catalina.loader.WebappClassLoader clearReferencesThreads
SEVERE: The web application [/fedora] appears to have started a thread named [ActiveMQ Data File Writer] but has failed to stop it. This is very likely to create a memory leak.
Nov 11, 2013 8:30:39 AM org.apache.catalina.loader.WebappClassLoader clearReferencesThreads
SEVERE: The web application [/fedora] appears to have started a thread named [AsyncDataManager Scheduler] but has failed to stop it. This is very likely to create a memory leak.
Nov 11, 2013 8:30:39 AM org.apache.catalina.loader.WebappClassLoader clearReferencesThreads
SEVERE: The web application [/fedora] appears to have started a thread named [BrokerService[localhost] Task-1] but has failed to stop it. This is very likely to create a memory leak.
Nov 11, 2013 8:30:39 AM org.apache.catalina.loader.WebappClassLoader clearReferencesThreads
SEVERE: The web application [/fedora] appears to have started a thread named [Timer-0] but has failed to stop it. This is very likely to create a memory leak.
Nov 11, 2013 8:30:39 AM org.apache.catalina.loader.WebappClassLoader clearReferencesThreads
SEVERE: The web application [/fedora] appears to have started a thread named [ActiveMQ Transport: tcp://vagrant-centos58/127.0.0.1:61617] but has failed to stop it. This is very likely to create a memory leak.
Nov 11, 2013 8:30:39 AM org.apache.catalina.loader.WebappClassLoader clearReferencesThreads
SEVERE: The web application [/fedora] appears to have started a thread named [InactivityMonitor ReadCheck] but has failed to stop it. This is very likely to create a memory leak.
Nov 11, 2013 8:30:39 AM org.apache.catalina.loader.WebappClassLoader clearReferencesThreads
SEVERE: The web application [/fedora] appears to have started a thread named [InactivityMonitor WriteCheck] but has failed to stop it. This is very likely to create a memory leak.
Nov 11, 2013 8:30:39 AM org.apache.catalina.loader.WebappClassLoader clearReferencesThreads
SEVERE: The web application [/fedora] appears to have started a thread named [InactivityMonitor Async Task: java.util.concurrent.ThreadPoolExecutor$Worker@54f19306[State = -1, empty queue]] but has failed to stop it. This is very likely to create a memory leak.
Nov 11, 2013 8:30:39 AM org.apache.catalina.loader.WebappClassLoader clearReferencesThreads
SEVERE: The web application [/fedora] appears to have started a thread named [ActiveMQ Task-10] but has failed to stop it. This is very likely to create a memory leak.
Nov 11, 2013 8:30:39 AM org.apache.catalina.loader.WebappClassLoader clearReferencesThreads
SEVERE: The web application [/fedora] appears to have started a thread named [ActiveMQ Task-11] but has failed to stop it. This is very likely to create a memory leak.
Nov 11, 2013 8:30:39 AM org.apache.catalina.loader.WebappClassLoader checkThreadLocalMapForLeaks
SEVERE: The web application [/fedora] created a ThreadLocal with key of type [com.sun.xml.bind.v2.runtime.Coordinator$1] (value [com.sun.xml.bind.v2.runtime.Coordinator$1@7894529a]) and a value of type [com.sun.xml.bind.v2.runtime.Coordinator[]] (value [[Lcom.sun.xml.bind.v2.runtime.Coordinator;@51bb3a4e]) but failed to remove it when the web application was stopped. Threads are going to be renewed over time to try and avoid a probable memory leak. 
Nov 11, 2013 8:30:39 AM org.apache.catalina.loader.WebappClassLoader checkThreadLocalMapForLeaks
SEVERE: The web application [/fedora] created a ThreadLocal with key of type [com.sun.xml.bind.v2.ClassFactory$1] (value [com.sun.xml.bind.v2.ClassFactory$1@5af100cd]) and a value of type [java.util.WeakHashMap] (value [{class org.fcrepo.server.types.gen.GetObjectXML=public org.fcrepo.server.types.gen.GetObjectXML()}]) but failed to remove it when the web application was stopped. Threads are going to be renewed over time to try and avoid a probable memory leak. 
Nov 11, 2013 8:30:39 AM org.apache.catalina.core.ApplicationContext log
INFO: Destroying Spring FrameworkServlet 'rest'
Nov 11, 2013 8:30:39 AM org.apache.catalina.core.ApplicationContext log
INFO: Destroying Spring FrameworkServlet 'sword'
Nov 11, 2013 8:30:39 AM org.apache.catalina.core.ApplicationContext log
INFO: Closing Spring root WebApplicationContext
2013-11-11 08:30:40,852 WARN  [stop children - Catalina:j2eeType=WebModule,name=//localhost/services,J2EEApplication=none,J2EEServer=none] edu.unc.lib.dl.cdr.services.BatchIngestService - Batch Ingest Service is shutting down now, no further batches will be processed.
Listening for transport dt_socket at address: 8000
Sep 10, 2014 4:32:03 PM org.apache.catalina.core.AprLifecycleListener init
INFO: The APR based Apache Tomcat Native library which allows optimal performance in production environments was not found on the java.library.path: /usr/local/apr/lib/:/opt/repository/djatoka/lib
Sep 10, 2014 4:32:03 PM org.apache.coyote.AbstractProtocol init
INFO: Initializing ProtocolHandler ["ajp-bio-8009"]
Sep 10, 2014 4:32:03 PM org.apache.catalina.startup.Catalina load
INFO: Initialization processed in 1347 ms
Sep 10, 2014 4:32:03 PM org.apache.catalina.mbeans.JmxRemoteLifecycleListener createServer
INFO: The JMX Remote Listener has configured the registry on port 10001 and the server on port 10002 for the Platform server
Sep 10, 2014 4:32:03 PM org.apache.catalina.core.StandardService startInternal
INFO: Starting service Catalina
Sep 10, 2014 4:32:03 PM org.apache.catalina.core.StandardEngine startInternal
INFO: Starting Servlet Engine: Apache Tomcat/7.0.22
WARNING WARNING edu.unc.lib.dl.acl.filter.SpoofShibbolethHeadersValve is configured for localhost
Sep 10, 2014 4:32:03 PM org.apache.catalina.startup.HostConfig deployDescriptor
INFO: Deploying configuration descriptor manager.xml from /opt/repository-installs/repository.1383947864/tomcat/conf/Catalina/localhost
Sep 10, 2014 4:32:04 PM org.apache.catalina.startup.HostConfig deployDescriptor
INFO: Deploying configuration descriptor fedora.xml from /opt/repository-installs/repository.1383947864/tomcat/conf/Catalina/localhost
SLF4J: Class path contains multiple SLF4J bindings.
SLF4J: Found binding in [jar:file:/opt/repository-installs/repository.1383947864/tomcat/lib/slf4j-jdk14-1.6.6.jar!/org/slf4j/impl/StaticLoggerBinder.class]
SLF4J: Found binding in [jar:file:/opt/repository-installs/repository.1383947864/tomcat/webapps/fedora/WEB-INF/lib/logback-classic-1.0.6.jar!/org/slf4j/impl/StaticLoggerBinder.class]
SLF4J: See http://www.slf4j.org/codes.html#multiple_bindings for an explanation.
SLF4J: Actual binding is of type [ch.qos.logback.classic.selector.DefaultContextSelector]
Sep 10, 2014 4:32:08 PM org.apache.catalina.core.ApplicationContext log
INFO: Initializing Spring root WebApplicationContext
Sep 10, 2014 4:32:31 PM org.apache.catalina.startup.HostConfig deployDescriptor
INFO: Deploying configuration descriptor solr.xml from /opt/repository-installs/repository.1383947864/tomcat/conf/Catalina/localhost
Sep 10, 2014 4:32:31 PM org.apache.catalina.startup.SetContextPropertiesRule begin
WARNING: [SetContextPropertiesRule]{Context} Setting property 'debug' to '0' did not find a matching property.
Sep 10, 2014 4:32:34 PM org.apache.solr.core.SolrResourceLoader addToClassLoader
WARNING: Can't find (or read) directory to add to classloader: ../../lib/ (resolved as: /opt/repository/solr/access/../../lib).
Sep 10, 2014 4:32:34 PM org.apache.solr.core.SolrResourceLoader addToClassLoader
WARNING: Can't find (or read) directory to add to classloader: ../../lib/velocity (resolved as: /opt/repository/solr/access/../../lib/velocity).
Sep 10, 2014 4:32:36 PM org.apache.catalina.startup.HostConfig deployWAR
INFO: Deploying web application archive admin.war
Sep 10, 2014 4:32:40 PM org.apache.catalina.core.ApplicationContext log
INFO: Initializing Spring root WebApplicationContext
SLF4J: Class path contains multiple SLF4J bindings.
SLF4J: Found binding in [jar:file:/opt/repository-installs/repository.1383947864/tomcat/lib/slf4j-jdk14-1.6.6.jar!/org/slf4j/impl/StaticLoggerBinder.class]
SLF4J: Found binding in [jar:file:/opt/repository-installs/repository.1383947864/tomcat/webapps/admin/WEB-INF/lib/slf4j-log4j12-1.6.1.jar!/org/slf4j/impl/StaticLoggerBinder.class]
SLF4J: See http://www.slf4j.org/codes.html#multiple_bindings for an explanation.
Sep 10, 2014 4:32:48 PM org.apache.catalina.startup.HostConfig deployWAR
INFO: Deploying web application archive ROOT.war
Sep 10, 2014 4:32:52 PM org.apache.catalina.core.ApplicationContext log
INFO: Initializing Spring root WebApplicationContext
SLF4J: Class path contains multiple SLF4J bindings.
SLF4J: Found binding in [jar:file:/opt/repository-installs/repository.1383947864/tomcat/lib/slf4j-jdk14-1.6.6.jar!/org/slf4j/impl/StaticLoggerBinder.class]
SLF4J: Found binding in [jar:file:/opt/repository-installs/repository.1383947864/tomcat/webapps/ROOT/WEB-INF/lib/slf4j-log4j12-1.6.1.jar!/org/slf4j/impl/StaticLoggerBinder.class]
SLF4J: See http://www.slf4j.org/codes.html#multiple_bindings for an explanation.
Sep 10, 2014 4:32:58 PM org.apache.catalina.startup.HostConfig deployWAR
INFO: Deploying web application archive services.war
Sep 10, 2014 4:33:02 PM org.apache.catalina.core.ApplicationContext log
INFO: Initializing Spring root WebApplicationContext
SLF4J: Class path contains multiple SLF4J bindings.
SLF4J: Found binding in [jar:file:/opt/repository-installs/repository.1383947864/tomcat/lib/slf4j-jdk14-1.6.6.jar!/org/slf4j/impl/StaticLoggerBinder.class]
SLF4J: Found binding in [jar:file:/opt/repository-installs/repository.1383947864/tomcat/webapps/services/WEB-INF/lib/slf4j-log4j12-1.6.1.jar!/org/slf4j/impl/StaticLoggerBinder.class]
SLF4J: See http://www.slf4j.org/codes.html#multiple_bindings for an explanation.
2014-09-10 16:33:17,934 WARN  [Thread-14] edu.unc.lib.dl.cdr.services.BatchIngestService - Batch Ingest Service is shutting down now, no further batches will be processed.
2014-09-10 16:33:18,439 ERROR [Thread-14] org.springframework.web.context.ContextLoader - Context initialization failed
Sep 10, 2014 4:33:18 PM org.apache.catalina.core.StandardContext listenerStart
SEVERE: Exception sending context initialized event to listener instance of class org.springframework.web.context.ContextLoaderListener
org.springframework.beans.factory.BeanCreationException: Error creating bean with name 'uipPipeline' defined in ServletContext resource [/WEB-INF/sword-servlet.xml]: Cannot create inner bean 'edu.unc.lib.dl.update.AtomDCToMODSFilter#7e5ef8e8' of type [edu.unc.lib.dl.update.AtomDCToMODSFilter] while setting bean property 'updateFilters' with key [0]; nested exception is org.springframework.beans.factory.BeanCreationException: Error creating bean with name 'edu.unc.lib.dl.update.AtomDCToMODSFilter#7e5ef8e8' defined in ServletContext resource [/WEB-INF/sword-servlet.xml]: Instantiation of bean failed; nested exception is org.springframework.beans.BeanInstantiationException: Could not instantiate bean class [edu.unc.lib.dl.update.AtomDCToMODSFilter]: Constructor threw exception; nested exception is java.lang.RuntimeException: Initialization of MODS UIP Filter ran into an unexpected exception
	at org.springframework.beans.factory.support.BeanDefinitionValueResolver.resolveInnerBean(BeanDefinitionValueResolver.java:281)
	at org.springframework.beans.factory.support.BeanDefinitionValueResolver.resolveValueIfNecessary(BeanDefinitionValueResolver.java:120)
	at org.springframework.beans.factory.support.BeanDefinitionValueResolver.resolveManagedList(BeanDefinitionValueResolver.java:353)
	at org.springframework.beans.factory.support.BeanDefinitionValueResolver.resolveValueIfNecessary(BeanDefinitionValueResolver.java:153)
	at org.springframework.beans.factory.support.AbstractAutowireCapableBeanFactory.applyPropertyValues(AbstractAutowireCapableBeanFactory.java:1325)
	at org.springframework.beans.factory.support.AbstractAutowireCapableBeanFactory.populateBean(AbstractAutowireCapableBeanFactory.java:1086)
	at org.springframework.beans.factory.support.AbstractAutowireCapableBeanFactory.doCreateBean(AbstractAutowireCapableBeanFactory.java:517)
	at org.springframework.beans.factory.support.AbstractAutowireCapableBeanFactory.createBean(AbstractAutowireCapableBeanFactory.java:456)
	at org.springframework.beans.factory.support.AbstractBeanFactory$1.getObject(AbstractBeanFactory.java:293)
	at org.springframework.beans.factory.support.DefaultSingletonBeanRegistry.getSingleton(DefaultSingletonBeanRegistry.java:222)
	at org.springframework.beans.factory.support.AbstractBeanFactory.doGetBean(AbstractBeanFactory.java:290)
	at org.springframework.beans.factory.support.AbstractBeanFactory.getBean(AbstractBeanFactory.java:192)
	at org.springframework.beans.factory.support.DefaultListableBeanFactory.preInstantiateSingletons(DefaultListableBeanFactory.java:585)
	at org.springframework.context.support.AbstractApplicationContext.finishBeanFactoryInitialization(AbstractApplicationContext.java:895)
	at org.springframework.context.support.AbstractApplicationContext.refresh(AbstractApplicationContext.java:425)
	at org.springframework.web.context.ContextLoader.createWebApplicationContext(ContextLoader.java:276)
	at org.springframework.web.context.ContextLoader.initWebApplicationContext(ContextLoader.java:197)
	at org.springframework.web.context.ContextLoaderListener.contextInitialized(ContextLoaderListener.java:47)
	at org.apache.catalina.core.StandardContext.listenerStart(StandardContext.java:4723)
	at org.apache.catalina.core.StandardContext$1.call(StandardContext.java:5226)
	at org.apache.catalina.core.StandardContext$1.call(StandardContext.java:5221)
	at java.util.concurrent.FutureTask$Sync.innerRun(FutureTask.java:334)
	at java.util.concurrent.FutureTask.run(FutureTask.java:166)
	at java.util.concurrent.ThreadPoolExecutor.runWorker(ThreadPoolExecutor.java:1146)
	at java.util.concurrent.ThreadPoolExecutor$Worker.run(ThreadPoolExecutor.java:615)
	at java.lang.Thread.run(Thread.java:701)
Caused by: org.springframework.beans.factory.BeanCreationException: Error creating bean with name 'edu.unc.lib.dl.update.AtomDCToMODSFilter#7e5ef8e8' defined in ServletContext resource [/WEB-INF/sword-servlet.xml]: Instantiation of bean failed; nested exception is org.springframework.beans.BeanInstantiationException: Could not instantiate bean class [edu.unc.lib.dl.update.AtomDCToMODSFilter]: Constructor threw exception; nested exception is java.lang.RuntimeException: Initialization of MODS UIP Filter ran into an unexpected exception
	at org.springframework.beans.factory.support.AbstractAutowireCapableBeanFactory.instantiateBean(AbstractAutowireCapableBeanFactory.java:965)
	at org.springframework.beans.factory.support.AbstractAutowireCapableBeanFactory.createBeanInstance(AbstractAutowireCapableBeanFactory.java:911)
	at org.springframework.beans.factory.support.AbstractAutowireCapableBeanFactory.doCreateBean(AbstractAutowireCapableBeanFactory.java:485)
	at org.springframework.beans.factory.support.AbstractAutowireCapableBeanFactory.createBean(AbstractAutowireCapableBeanFactory.java:456)
	at org.springframework.beans.factory.support.BeanDefinitionValueResolver.resolveInnerBean(BeanDefinitionValueResolver.java:270)
	... 25 more
Caused by: org.springframework.beans.BeanInstantiationException: Could not instantiate bean class [edu.unc.lib.dl.update.AtomDCToMODSFilter]: Constructor threw exception; nested exception is java.lang.RuntimeException: Initialization of MODS UIP Filter ran into an unexpected exception
	at org.springframework.beans.BeanUtils.instantiateClass(BeanUtils.java:141)
	at org.springframework.beans.factory.support.SimpleInstantiationStrategy.instantiate(SimpleInstantiationStrategy.java:74)
	at org.springframework.beans.factory.support.AbstractAutowireCapableBeanFactory.instantiateBean(AbstractAutowireCapableBeanFactory.java:958)
	... 29 more
Caused by: java.lang.RuntimeException: Initialization of MODS UIP Filter ran into an unexpected exception
	at edu.unc.lib.dl.update.MODSUIPFilter.<init>(MODSUIPFilter.java:59)
	at edu.unc.lib.dl.update.AtomDCToMODSFilter.<init>(AtomDCToMODSFilter.java:32)
	at sun.reflect.NativeConstructorAccessorImpl.newInstance0(Native Method)
	at sun.reflect.NativeConstructorAccessorImpl.newInstance(NativeConstructorAccessorImpl.java:57)
	at sun.reflect.DelegatingConstructorAccessorImpl.newInstance(DelegatingConstructorAccessorImpl.java:45)
	at java.lang.reflect.Constructor.newInstance(Constructor.java:534)
	at org.springframework.beans.BeanUtils.instantiateClass(BeanUtils.java:126)
	... 31 more
Caused by: org.xml.sax.SAXParseException; lineNumber: 1462; columnNumber: 32; src-resolve: Cannot resolve the name 'xml:lang' to a(n) 'attribute declaration' component.
	at org.apache.xerces.util.ErrorHandlerWrapper.createSAXParseException(Unknown Source)
	at org.apache.xerces.util.ErrorHandlerWrapper.error(Unknown Source)
	at org.apache.xerces.impl.XMLErrorReporter.reportError(Unknown Source)
	at org.apache.xerces.impl.XMLErrorReporter.reportError(Unknown Source)
	at org.apache.xerces.impl.xs.traversers.XSDHandler.reportSchemaError(Unknown Source)
	at org.apache.xerces.impl.xs.traversers.XSDHandler.getGlobalDecl(Unknown Source)
	at org.apache.xerces.impl.xs.traversers.XSDAttributeTraverser.traverseLocal(Unknown Source)
	at org.apache.xerces.impl.xs.traversers.XSDAbstractTraverser.traverseAttrsAndAttrGrps(Unknown Source)
	at org.apache.xerces.impl.xs.traversers.XSDAttributeGroupTraverser.traverseGlobal(Unknown Source)
	at org.apache.xerces.impl.xs.traversers.XSDHandler.getGlobalDecl(Unknown Source)
	at org.apache.xerces.impl.xs.traversers.XSDAttributeGroupTraverser.traverseLocal(Unknown Source)
	at org.apache.xerces.impl.xs.traversers.XSDAbstractTraverser.traverseAttrsAndAttrGrps(Unknown Source)
	at org.apache.xerces.impl.xs.traversers.XSDComplexTypeTraverser.traverseSimpleContent(Unknown Source)
	at org.apache.xerces.impl.xs.traversers.XSDComplexTypeTraverser.traverseComplexTypeDecl(Unknown Source)
	at org.apache.xerces.impl.xs.traversers.XSDComplexTypeTraverser.traverseGlobal(Unknown Source)
	at org.apache.xerces.impl.xs.traversers.XSDHandler.getGlobalDecl(Unknown Source)
	at org.apache.xerces.impl.xs.traversers.XSDComplexTypeTraverser.traverseSimpleContent(Unknown Source)
	at org.apache.xerces.impl.xs.traversers.XSDComplexTypeTraverser.traverseComplexTypeDecl(Unknown Source)
	at org.apache.xerces.impl.xs.traversers.XSDComplexTypeTraverser.traverseGlobal(Unknown Source)
	at org.apache.xerces.impl.xs.traversers.XSDHandler.getGlobalDecl(Unknown Source)
	at org.apache.xerces.impl.xs.traversers.XSDComplexTypeTraverser.traverseSimpleContent(Unknown Source)
	at org.apache.xerces.impl.xs.traversers.XSDComplexTypeTraverser.traverseComplexTypeDecl(Unknown Source)
	at org.apache.xerces.impl.xs.traversers.XSDComplexTypeTraverser.traverseGlobal(Unknown Source)
	at org.apache.xerces.impl.xs.traversers.XSDHandler.traverseSchemas(Unknown Source)
	at org.apache.xerces.impl.xs.traversers.XSDHandler.parseSchema(Unknown Source)
	at org.apache.xerces.impl.xs.XMLSchemaLoader.loadSchema(Unknown Source)
	at org.apache.xerces.impl.xs.XMLSchemaLoader.loadGrammar(Unknown Source)
	at org.apache.xerces.impl.xs.XMLSchemaLoader.loadGrammar(Unknown Source)
	at org.apache.xerces.jaxp.validation.XMLSchemaFactory.newSchema(Unknown Source)
	at javax.xml.validation.SchemaFactory.newSchema(SchemaFactory.java:591)
	at edu.unc.lib.dl.update.MODSUIPFilter.<init>(MODSUIPFilter.java:57)
	... 37 more
Sep 10, 2014 4:33:18 PM org.apache.catalina.core.StandardContext startInternal
SEVERE: Error listenerStart
Sep 10, 2014 4:33:18 PM org.apache.catalina.core.StandardContext startInternal
SEVERE: Context [/services] startup failed due to previous errors
Sep 10, 2014 4:33:18 PM org.apache.catalina.core.ApplicationContext log
INFO: Closing Spring root WebApplicationContext
Sep 10, 2014 4:33:18 PM org.apache.catalina.loader.WebappClassLoader clearReferencesThreads
SEVERE: The web application [/services] appears to have started a thread named [BrokerService[cdrservices] Task-1] but has failed to stop it. This is very likely to create a memory leak.
Sep 10, 2014 4:33:18 PM org.apache.catalina.loader.WebappClassLoader checkThreadLocalMapForLeaks
SEVERE: The web application [/services] created a ThreadLocal with key of type [org.apache.log4j.helpers.ThreadLocalMap] (value [org.apache.log4j.helpers.ThreadLocalMap@18024087]) and a value of type [java.util.Hashtable] (value [{activemq.broker=cdrservices}]) but failed to remove it when the web application was stopped. Threads are going to be renewed over time to try and avoid a probable memory leak. 
Sep 10, 2014 4:33:18 PM org.apache.catalina.startup.HostConfig deployWAR
INFO: Deploying web application archive djatoka.war
Sep 10, 2014 4:33:18 PM org.apache.catalina.startup.HostConfig deployDirectory
INFO: Deploying web application directory host-manager
Sep 10, 2014 4:33:18 PM org.apache.catalina.startup.HostConfig deployDirectory
INFO: Deploying web application directory spoof
Sep 10, 2014 4:33:18 PM org.apache.catalina.startup.HostConfig deployDirectory
INFO: Deploying web application directory oaiprovider
Sep 10, 2014 4:33:18 PM org.apache.coyote.AbstractProtocol start
INFO: Starting ProtocolHandler ["ajp-bio-8009"]
Sep 10, 2014 4:33:18 PM org.apache.catalina.startup.Catalina start
INFO: Server startup in 75333 ms
Sep 10, 2014 4:33:18 PM org.apache.catalina.core.ApplicationContext log
INFO: Initializing Spring FrameworkServlet 'uiapp'
Sep 10, 2014 4:35:40 PM org.apache.catalina.core.StandardServer await
INFO: A valid shutdown command was received via the shutdown port. Stopping the Server instance.
Sep 10, 2014 4:35:40 PM org.apache.coyote.AbstractProtocol pause
INFO: Pausing ProtocolHandler ["ajp-bio-8009"]
Sep 10, 2014 4:35:41 PM org.apache.catalina.core.StandardService stopInternal
INFO: Stopping service Catalina
Sep 10, 2014 4:35:41 PM org.apache.catalina.core.ApplicationContext log
INFO: Destroying Spring FrameworkServlet 'uiapp'
Sep 10, 2014 4:35:41 PM org.apache.catalina.core.ApplicationContext log
INFO: Closing Spring root WebApplicationContext
Sep 10, 2014 4:35:41 PM org.apache.catalina.core.ApplicationContext log
INFO: Closing Spring root WebApplicationContext
Sep 10, 2014 4:35:41 PM org.apache.catalina.loader.WebappClassLoader clearReferencesThreads
SEVERE: The web application [/fedora] appears to have started a thread named [Thread-4] but has failed to stop it. This is very likely to create a memory leak.
Sep 10, 2014 4:35:41 PM org.apache.catalina.loader.WebappClassLoader clearReferencesThreads
SEVERE: The web application [/fedora] appears to have started a thread named [Thread-5] but has failed to stop it. This is very likely to create a memory leak.
Sep 10, 2014 4:35:41 PM org.apache.catalina.loader.WebappClassLoader clearReferencesThreads
SEVERE: The web application [/fedora] appears to have started a thread named [pool-2-thread-1] but has failed to stop it. This is very likely to create a memory leak.
Sep 10, 2014 4:35:41 PM org.apache.catalina.loader.WebappClassLoader clearReferencesThreads
SEVERE: The web application [/fedora] appears to have started a thread named [ActiveMQ Broker[localhost] Scheduler] but has failed to stop it. This is very likely to create a memory leak.
Sep 10, 2014 4:35:41 PM org.apache.catalina.loader.WebappClassLoader clearReferencesThreads
SEVERE: The web application [/fedora] appears to have started a thread named [ActiveMQ Data File Writer] but has failed to stop it. This is very likely to create a memory leak.
Sep 10, 2014 4:35:41 PM org.apache.catalina.loader.WebappClassLoader clearReferencesThreads
SEVERE: The web application [/fedora] appears to have started a thread named [AsyncDataManager Scheduler] but has failed to stop it. This is very likely to create a memory leak.
Sep 10, 2014 4:35:41 PM org.apache.catalina.loader.WebappClassLoader clearReferencesThreads
SEVERE: The web application [/fedora] appears to have started a thread named [StartRemoteBridge: remoteBroker=unconnected] but has failed to stop it. This is very likely to create a memory leak.
Sep 10, 2014 4:35:41 PM org.apache.catalina.loader.WebappClassLoader clearReferencesThreads
SEVERE: The web application [/fedora] appears to have started a thread named [ActiveMQ Task-2] but has failed to stop it. This is very likely to create a memory leak.
Sep 10, 2014 4:35:41 PM org.apache.catalina.loader.WebappClassLoader clearReferencesThreads
SEVERE: The web application [/fedora] appears to have started a thread named [BrokerService[localhost] Task-1] but has failed to stop it. This is very likely to create a memory leak.
Sep 10, 2014 4:35:41 PM org.apache.catalina.loader.WebappClassLoader clearReferencesThreads
SEVERE: The web application [/fedora] appears to have started a thread named [Timer-0] but has failed to stop it. This is very likely to create a memory leak.
Sep 10, 2014 4:35:41 PM org.apache.catalina.loader.WebappClassLoader clearReferencesThreads
SEVERE: The web application [/fedora] appears to have started a thread named [ActiveMQ Task-8] but has failed to stop it. This is very likely to create a memory leak.
Sep 10, 2014 4:35:41 PM org.apache.catalina.loader.WebappClassLoader clearReferencesThreads
SEVERE: The web application [/fedora] appears to have started a thread named [ActiveMQ Task-9] but has failed to stop it. This is very likely to create a memory leak.
Sep 10, 2014 4:35:41 PM org.apache.catalina.util.LifecycleBase stop
INFO: The stop() method was called on component [StandardEngine[Catalina].StandardHost[localhost].StandardContext[/services]] after stop() had already been called. The second call will be ignored.
Sep 10, 2014 4:35:41 PM org.apache.catalina.core.ApplicationContext log
INFO: Closing Spring root WebApplicationContext
Sep 10, 2014 4:35:41 PM org.apache.coyote.AbstractProtocol stop
INFO: Stopping ProtocolHandler ["ajp-bio-8009"]
Sep 10, 2014 4:35:41 PM org.apache.coyote.AbstractProtocol destroy
INFO: Destroying ProtocolHandler ["ajp-bio-8009"]
Listening for transport dt_socket at address: 8000
Sep 10, 2014 4:36:41 PM org.apache.catalina.core.AprLifecycleListener init
INFO: The APR based Apache Tomcat Native library which allows optimal performance in production environments was not found on the java.library.path: /usr/local/apr/lib/:/opt/repository/djatoka/lib
Sep 10, 2014 4:36:42 PM org.apache.coyote.AbstractProtocol init
INFO: Initializing ProtocolHandler ["ajp-bio-8009"]
Sep 10, 2014 4:36:42 PM org.apache.catalina.startup.Catalina load
INFO: Initialization processed in 1055 ms
Sep 10, 2014 4:36:42 PM org.apache.catalina.mbeans.JmxRemoteLifecycleListener createServer
INFO: The JMX Remote Listener has configured the registry on port 10001 and the server on port 10002 for the Platform server
Sep 10, 2014 4:36:42 PM org.apache.catalina.core.StandardService startInternal
INFO: Starting service Catalina
Sep 10, 2014 4:36:42 PM org.apache.catalina.core.StandardEngine startInternal
INFO: Starting Servlet Engine: Apache Tomcat/7.0.22
WARNING WARNING edu.unc.lib.dl.acl.filter.SpoofShibbolethHeadersValve is configured for localhost
Sep 10, 2014 4:36:42 PM org.apache.catalina.startup.HostConfig deployDescriptor
INFO: Deploying configuration descriptor manager.xml from /opt/repository-installs/repository.1383947864/tomcat/conf/Catalina/localhost
Sep 10, 2014 4:36:42 PM org.apache.catalina.startup.HostConfig deployDescriptor
INFO: Deploying configuration descriptor fedora.xml from /opt/repository-installs/repository.1383947864/tomcat/conf/Catalina/localhost
SLF4J: Class path contains multiple SLF4J bindings.
SLF4J: Found binding in [jar:file:/opt/repository-installs/repository.1383947864/tomcat/lib/slf4j-jdk14-1.6.6.jar!/org/slf4j/impl/StaticLoggerBinder.class]
SLF4J: Found binding in [jar:file:/opt/repository-installs/repository.1383947864/tomcat/webapps/fedora/WEB-INF/lib/logback-classic-1.0.6.jar!/org/slf4j/impl/StaticLoggerBinder.class]
SLF4J: See http://www.slf4j.org/codes.html#multiple_bindings for an explanation.
SLF4J: Actual binding is of type [ch.qos.logback.classic.selector.DefaultContextSelector]
Sep 10, 2014 4:36:44 PM org.apache.catalina.core.ApplicationContext log
INFO: Initializing Spring root WebApplicationContext
Sep 10, 2014 4:37:07 PM org.apache.catalina.startup.HostConfig deployDescriptor
INFO: Deploying configuration descriptor solr.xml from /opt/repository-installs/repository.1383947864/tomcat/conf/Catalina/localhost
Sep 10, 2014 4:37:07 PM org.apache.catalina.startup.SetContextPropertiesRule begin
WARNING: [SetContextPropertiesRule]{Context} Setting property 'debug' to '0' did not find a matching property.
Sep 10, 2014 4:37:09 PM org.apache.solr.core.SolrResourceLoader addToClassLoader
WARNING: Can't find (or read) directory to add to classloader: ../../lib/ (resolved as: /opt/repository/solr/access/../../lib).
Sep 10, 2014 4:37:09 PM org.apache.solr.core.SolrResourceLoader addToClassLoader
WARNING: Can't find (or read) directory to add to classloader: ../../lib/velocity (resolved as: /opt/repository/solr/access/../../lib/velocity).
Sep 10, 2014 4:37:10 PM org.apache.catalina.startup.HostConfig deployWAR
INFO: Deploying web application archive admin.war
Sep 10, 2014 4:37:13 PM org.apache.catalina.core.ApplicationContext log
INFO: Initializing Spring root WebApplicationContext
SLF4J: Class path contains multiple SLF4J bindings.
SLF4J: Found binding in [jar:file:/opt/repository-installs/repository.1383947864/tomcat/lib/slf4j-jdk14-1.6.6.jar!/org/slf4j/impl/StaticLoggerBinder.class]
SLF4J: Found binding in [jar:file:/opt/repository-installs/repository.1383947864/tomcat/webapps/admin/WEB-INF/lib/slf4j-log4j12-1.6.1.jar!/org/slf4j/impl/StaticLoggerBinder.class]
SLF4J: See http://www.slf4j.org/codes.html#multiple_bindings for an explanation.
Sep 10, 2014 4:37:21 PM org.apache.catalina.startup.HostConfig deployWAR
INFO: Deploying web application archive ROOT.war
Sep 10, 2014 4:37:24 PM org.apache.catalina.core.ApplicationContext log
INFO: Initializing Spring root WebApplicationContext
SLF4J: Class path contains multiple SLF4J bindings.
SLF4J: Found binding in [jar:file:/opt/repository-installs/repository.1383947864/tomcat/lib/slf4j-jdk14-1.6.6.jar!/org/slf4j/impl/StaticLoggerBinder.class]
SLF4J: Found binding in [jar:file:/opt/repository-installs/repository.1383947864/tomcat/webapps/ROOT/WEB-INF/lib/slf4j-log4j12-1.6.1.jar!/org/slf4j/impl/StaticLoggerBinder.class]
SLF4J: See http://www.slf4j.org/codes.html#multiple_bindings for an explanation.
Sep 10, 2014 4:37:29 PM org.apache.catalina.startup.HostConfig deployWAR
INFO: Deploying web application archive services.war
Sep 10, 2014 4:37:31 PM org.apache.catalina.core.ApplicationContext log
INFO: Initializing Spring root WebApplicationContext
SLF4J: Class path contains multiple SLF4J bindings.
SLF4J: Found binding in [jar:file:/opt/repository-installs/repository.1383947864/tomcat/lib/slf4j-jdk14-1.6.6.jar!/org/slf4j/impl/StaticLoggerBinder.class]
SLF4J: Found binding in [jar:file:/opt/repository-installs/repository.1383947864/tomcat/webapps/services/WEB-INF/lib/slf4j-log4j12-1.6.1.jar!/org/slf4j/impl/StaticLoggerBinder.class]
SLF4J: See http://www.slf4j.org/codes.html#multiple_bindings for an explanation.
Sep 10, 2014 4:37:48 PM org.apache.catalina.startup.HostConfig deployWAR
INFO: Deploying web application archive djatoka.war
Sep 10, 2014 4:37:48 PM org.apache.catalina.startup.HostConfig deployDirectory
INFO: Deploying web application directory host-manager
Sep 10, 2014 4:37:48 PM org.apache.catalina.startup.HostConfig deployDirectory
INFO: Deploying web application directory spoof
Sep 10, 2014 4:37:48 PM org.apache.catalina.startup.HostConfig deployDirectory
INFO: Deploying web application directory oaiprovider
Sep 10, 2014 4:37:48 PM org.apache.coyote.AbstractProtocol start
INFO: Starting ProtocolHandler ["ajp-bio-8009"]
Sep 10, 2014 4:37:48 PM org.apache.catalina.startup.Catalina start
INFO: Server startup in 66291 ms
Sep 10, 2014 4:37:48 PM org.apache.catalina.core.ApplicationContext log
INFO: Initializing Spring FrameworkServlet 'uiapp'
Sep 10, 2014 4:37:53 PM org.apache.catalina.core.ApplicationContext log
INFO: Initializing Spring FrameworkServlet 'uiapp'
Sep 10, 2014 4:37:55 PM org.apache.catalina.core.ApplicationContext log
INFO: Initializing Spring FrameworkServlet 'sword'
2014-09-10 16:38:07,400 ERROR [CustomizableThreadFactory-1] edu.unc.lib.dl.services.BatchIngestTask - Batch Ingest Task failed: Cannot ingest due to Fedora error: uuid:e6c15c2c-a737-4314-91be-210ea8d4cee9 /opt/data/batch-ingests/queued/1410381481047-cdradmin/d4e15.foxml
